<?xml version="1.0" encoding="UTF-8"?>
<Site BuildName="Linux-c++"
	BuildStamp="20240709-0128-Experimental"
	Name="angga-ZenBook-UX425UAZ-UM425UAZ"
	Generator="ctest-3.22.1"
	CompilerName="/usr/bin/c++"
	CompilerVersion="11.4.0"
	OSName="Linux"
	Hostname="angga-ZenBook-UX425UAZ-UM425UAZ"
	OSRelease="6.5.0-41-generic"
	OSVersion="#41~22.04.2-Ubuntu SMP PREEMPT_DYNAMIC Mon Jun  3 11:32:55 UTC 2"
	OSPlatform="x86_64"
	Is64Bits="1"
	VendorString="AuthenticAMD"
	VendorID="Advanced Micro Devices"
	FamilyID="23"
	ModelID="104"
	ProcessorCacheSize="512"
	NumberOfLogicalCPU="16"
	NumberOfPhysicalCPU="8"
	TotalVirtualMemory="13482"
	TotalPhysicalMemory="15358"
	LogicalProcessorsPerPhysical="2"
	ProcessorClockFrequency="4322.65"
	>
	<Testing>
		<StartDateTime>Jul 09 08:28 WIB</StartDateTime>
		<StartTestTime>1720488529</StartTestTime>
		<TestList/>
		<EndDateTime>Jul 09 08:28 WIB</EndDateTime>
		<EndTestTime>1720488529</EndTestTime>
		<ElapsedMinutes>0</ElapsedMinutes>
	</Testing>
</Site>
